make[1]: Entering directory '/home/log1cs/nokia/msm8998/out'
  HOSTCC  scripts/basic/fixdep
  GEN     ./Makefile
  HOSTCC  scripts/basic/bin2c
  HOSTCC  scripts/kconfig/conf.o
  HOSTCC  scripts/kconfig/zconf.tab.o
  HOSTLD  scripts/kconfig/conf
scripts/kconfig/conf  --silentoldconfig Kconfig
  CHK     include/config/kernel.release
  GEN     ./Makefile
  CHK     include/generated/uapi/linux/version.h
  UPD     include/config/kernel.release
  Using .. as source for kernel
  CHK     include/generated/utsrelease.h
  UPD     include/generated/utsrelease.h
  CHK     scripts/mod/devicetable-offsets.h
  CHK     include/generated/timeconst.h
  CHK     include/generated/bounds.h
  CHK     include/generated/asm-offsets.h
  CALL    ../scripts/checksyscalls.sh
make[2]: 'include/generated/vdso-offsets.h' is up to date.
make[2]: 'include/generated/vdso32-offsets.h' is up to date.
  CHK     include/generated/compile.h
  CC      init/version.o
  CC      kernel/sys.o
  CC      drivers/base/firmware_class.o
  AR      init/built-in.o
  AR      drivers/base/built-in.o
  CC      drivers/net/wireguard/noise.o
  CC      drivers/net/wireguard/main.o
  CC      kernel/trace/trace.o
  CC      drivers/net/wireguard/device.o
  CC      drivers/net/wireguard/peer.o
  CC      drivers/net/wireguard/timers.o
  CC      kernel/module.o
  GZIP    kernel/config_data.gz
  CC      drivers/net/wireguard/queueing.o
  CC      drivers/net/wireguard/send.o
  CC      drivers/video/fbdev/msm/mdss_rotator.o
  CC      drivers/net/wireguard/receive.o
  CC      drivers/net/wireguard/socket.o
  CC      drivers/net/wireguard/peerlookup.o
  CC      drivers/net/wireguard/allowedips.o
  CC      drivers/net/wireguard/ratelimiter.o
  CC      drivers/net/wireguard/cookie.o
  CC      drivers/net/wireguard/netlink.o
  CC      drivers/net/wireguard/crypto/zinc/chacha20/chacha20.o
  CC      drivers/net/wireguard/crypto/zinc/poly1305/poly1305.o
  AR      drivers/video/fbdev/msm/mdss-mdp.o
  CC      drivers/net/wireguard/crypto/zinc/chacha20poly1305.o
  AR      drivers/video/fbdev/msm/built-in.o
  AR      kernel/trace/built-in.o
  CC      drivers/net/wireguard/crypto/zinc/blake2s/blake2s.o
  CC      drivers/net/wireguard/crypto/zinc/curve25519/curve25519.o
  CHK     kernel/config_data.h
  AR      drivers/video/fbdev/built-in.o
  UPD     kernel/config_data.h
  CC      kernel/configs.o
  AR      drivers/video/built-in.o
  AR      kernel/built-in.o
  AR      drivers/net/wireguard/wireguard.o
  AR      drivers/net/wireguard/built-in.o
  AR      drivers/net/built-in.o
  AR      drivers/built-in.o
  LINK    vmlinux
  GEN     .version
  CHK     include/generated/compile.h
  UPD     include/generated/compile.h
  CC      init/version.o
  AR      init/built-in.o
  AR      built-in.o
  LD      vmlinux.o
  MODPOST vmlinux.o
  KSYM    .tmp_kallsyms1.o
  KSYM    .tmp_kallsyms2.o
  LD      vmlinux
  SORTEX  vmlinux
  SYSMAP  System.map
  OBJCOPY arch/arm64/boot/Image
  Building modules, stage 2.
  DTC     arch/arm64/boot/dts/qcom/msm8998-qrd.dtb
  DTC     arch/arm64/boot/dts/qcom/msm8998-v2-qrd-skuk-evt3.dtb
  DTC     arch/arm64/boot/dts/qcom/msm8998-sim.dtb
  DTC     arch/arm64/boot/dts/qcom/apq8098-v2.1-cdp.dtb
  DTC     arch/arm64/boot/dts/qcom/msm8998-v2.1-interposer-sdm660-cdp.dtb
  DTC     arch/arm64/boot/dts/qcom/msm8998-v2.1-interposer-sdm660-qrd.dtb
  DTC     arch/arm64/boot/dts/qcom/msm8998-v2-mtp.dtb
  DTC     arch/arm64/boot/dts/qcom/msm8998-v2.1-mtp.dtb
  DTC     arch/arm64/boot/dts/qcom/msm8998-v2-qrd.dtb
  DTC     arch/arm64/boot/dts/qcom/apq8098-v2.1-qrd.dtb
  MODPOST 0 modules
  DTC     arch/arm64/boot/dts/qcom/msm8998-rumi.dtb
  DTC     arch/arm64/boot/dts/qcom/msm8998-v2.1-interposer-sdm660-mtp.dtb
  DTC     arch/arm64/boot/dts/qcom/msm8998-v2-cdp.dtb
  DTC     arch/arm64/boot/dts/qcom/msm8998-v2-qrd-skuk.dtb
  DTC     arch/arm64/boot/dts/qcom/apq8098-v2.1-mediabox.dtb
  DTC     arch/arm64/boot/dts/qcom/msm8998-qrd-vr1.dtb
  DTC     arch/arm64/boot/dts/qcom/msm8998-v2.1-qrd.dtb
  DTC     arch/arm64/boot/dts/qcom/apq8098-v2-mtp.dtb
  DTC     arch/arm64/boot/dts/qcom/apq8098-v2-cdp.dtb
  DTC     arch/arm64/boot/dts/qcom/msm8998-mtp.dtb
  DTC     arch/arm64/boot/dts/qcom/apq8098-mtp.dtb
  DTC     arch/arm64/boot/dts/qcom/msm8998-v2.1-mtp-4k-display.dtb
  DTC     arch/arm64/boot/dts/qcom/msm8998-v2.1-cdp.dtb
  DTC     arch/arm64/boot/dts/qcom/msm8998-v2-qrd-vr1.dtb
  DTC     arch/arm64/boot/dts/qcom/msm8998-v2-rumi.dtb
  DTC     arch/arm64/boot/dts/qcom/msmhamster-rumi.dtb
  DTC     arch/arm64/boot/dts/qcom/msm8998-cdp.dtb
  DTC     arch/arm64/boot/dts/qcom/apq8098-v2.1-mtp.dtb
  DTC     arch/arm64/boot/dts/qcom/apq8098-v2-qrd.dtb
  DTC     arch/arm64/boot/dts/qcom/apq8098-v2-qrd-skuk-hdk.dtb
  DTC     arch/arm64/boot/dts/qcom/apq8098-v2.1-svr20.dtb
  DTC     arch/arm64/boot/dts/qcom/msm8998-v2-qrd-skuk-hdk.dtb
  DTC     arch/arm64/boot/dts/qcom/apq8098-cdp.dtb
  DTC     arch/arm64/boot/dts/qcom/msm8998-v2-sim.dtb
  DTC     arch/arm64/boot/dts/qcom/msm8998-qrd-skuk.dtb
  DTC     arch/arm64/boot/dts/fih/msm8998-mtp_NB1_DVT1_5.dtb
  DTC     arch/arm64/boot/dts/fih/msm8998-mtp_NB1_DVT1_CN.dtb
  DTC     arch/arm64/boot/dts/fih/msm8998-mtp_NB1_PVT1_Chile_SS.dtb
  DTC     arch/arm64/boot/dts/fih/msm8998-mtp_NB1_PVT1_SS.dtb
  DTC     arch/arm64/boot/dts/fih/msm8998-mtp_NB1_EVB1.dtb
  DTC     arch/arm64/boot/dts/fih/msm8998-mtp_NB1_DVT1_5_CN.dtb
  DTC     arch/arm64/boot/dts/fih/msm8998-mtp_NB1_DVT2_CN.dtb
  DTC     arch/arm64/boot/dts/fih/msm8998-mtp_NB1_PVT.dtb
  DTC     arch/arm64/boot/dts/fih/msm8998-mtp_NB1_EVT1.dtb
  DTC     arch/arm64/boot/dts/fih/msm8998-mtp_NB1_PVT1_NR.dtb
  DTC     arch/arm64/boot/dts/fih/msm8998-mtp_NB1_EVB.dtb
  DTC     arch/arm64/boot/dts/fih/msm8998-mtp_NB1_DVT2_SS.dtb
  DTC     arch/arm64/boot/dts/fih/msm8998-mtp_NB1_PVT1_Chile.dtb
  DTC     arch/arm64/boot/dts/fih/msm8998-mtp_NB1_DVT1_5_SS.dtb
  DTC     arch/arm64/boot/dts/fih/msm8998-mtp_NB1_PVT_NR.dtb
  DTC     arch/arm64/boot/dts/fih/msm8998-mtp_NB1_DVT1_SS.dtb
  DTC     arch/arm64/boot/dts/fih/msm8998-mtp_NB1_EVT.dtb
  DTC     arch/arm64/boot/dts/fih/msm8998-mtp_NB1_DVT1.dtb
  DTC     arch/arm64/boot/dts/fih/msm8998-mtp_NB1_EVB2.dtb
  DTC     arch/arm64/boot/dts/fih/msm8998-mtp_NB1_PVT1.dtb
  DTC     arch/arm64/boot/dts/fih/msm8998-mtp_NB1_EVT0_5.dtb
  DTC     arch/arm64/boot/dts/fih/msm8998-mtp_NB1_PVT_SS.dtb
  DTC     arch/arm64/boot/dts/fih/msm8998-mtp_NB1_DVT2.dtb
  DTC     arch/arm64/boot/dts/fih/msm8998-mtp_NB1_EVT1_SS.dtb
  GZIP    arch/arm64/boot/Image.gz
  CAT     arch/arm64/boot/Image.gz-dtb
make[1]: Leaving directory '/home/log1cs/nokia/msm8998/out'
